TN:
SF:/Users/gartz/Projects/pushStateTree/src/pushStateTree.js
FN:7,_interopRequireDefault
FN:13,(anonymous_2)
FN:19,(anonymous_3)
FN:26,(anonymous_4)
FN:32,(anonymous_5)
FN:40,FNOP
FN:41,fBound
FN:60,(anonymous_8)
FN:65,CustomEvent
FN:106,(anonymous_10)
FN:115,get
FN:121,addEventListenerFunc
FN:135,propHandler
FN:170,removeEventListenerFunc
FN:216,Event
FN:237,dispatchEventFunc
FN:256,(anonymous_17)
FN:264,(anonymous_18)
FN:276,(anonymous_19)
FN:285,(anonymous_20)
FN:290,(anonymous_21)
FN:337,isInt
FN:341,wrapProperty
FN:343,get
FN:346,set
FN:350,isExternal
FN:356,isRelative
FN:362,resolveRelativePath
FN:381,PushStateTree
FN:408,get
FN:411,set
FN:419,get
FN:422,set
FN:430,get
FN:433,set
FN:442,wrappMethodsAndPropertiesToPrototype
FN:445,(anonymous_37)
FN:452,get
FN:455,set
FN:477,get
FN:513,get
FN:526,(anonymous_42)
FN:541,(anonymous_43)
FN:561,(anonymous_44)
FN:570,dispatchHashChange
FN:579,(anonymous_46)
FN:585,(anonymous_47)
FN:613,createRule
FN:622,get
FN:625,set
FN:645,get
FN:652,set
FN:668,get
FN:671,set
FN:678,get
FN:681,set
FN:691,(anonymous_57)
FN:692,(anonymous_58)
FN:700,add
FN:707,remove
FN:721,dispatch
FN:732,assign
FN:737,replace
FN:742,navigate
FN:746,rulesDispatcher
FN:753,runner
FN:781,(anonymous_67)
FN:799,recursiveDispatcher
FN:826,PushStateTreeEvent
FN:909,preProcessUriBeforeExecuteNativeHistoryMethods
FN:912,(anonymous_71)
FN:970,(anonymous_72)
FN:1004,(anonymous_73)
FNF:73
FNH:39
FNDA:6,_interopRequireDefault
FNDA:6,(anonymous_2)
FNDA:6,(anonymous_3)
FNDA:6,(anonymous_4)
FNDA:0,(anonymous_5)
FNDA:0,FNOP
FNDA:0,fBound
FNDA:6,(anonymous_8)
FNDA:0,CustomEvent
FNDA:6,(anonymous_10)
FNDA:0,get
FNDA:0,addEventListenerFunc
FNDA:0,propHandler
FNDA:0,removeEventListenerFunc
FNDA:0,Event
FNDA:0,dispatchEventFunc
FNDA:6,(anonymous_17)
FNDA:0,(anonymous_18)
FNDA:0,(anonymous_19)
FNDA:0,(anonymous_20)
FNDA:0,(anonymous_21)
FNDA:0,isInt
FNDA:110,wrapProperty
FNDA:240,get
FNDA:0,set
FNDA:15,isExternal
FNDA:15,isRelative
FNDA:13,resolveRelativePath
FNDA:110,PushStateTree
FNDA:249,get
FNDA:2,set
FNDA:278,get
FNDA:57,set
FNDA:519,get
FNDA:55,set
FNDA:825,wrappMethodsAndPropertiesToPrototype
FNDA:297,(anonymous_37)
FNDA:0,get
FNDA:0,set
FNDA:458,get
FNDA:248,get
FNDA:238,(anonymous_42)
FNDA:0,(anonymous_43)
FNDA:0,(anonymous_44)
FNDA:0,dispatchHashChange
FNDA:0,(anonymous_46)
FNDA:0,(anonymous_47)
FNDA:6,createRule
FNDA:3,get
FNDA:9,set
FNDA:0,get
FNDA:0,set
FNDA:0,get
FNDA:6,set
FNDA:0,get
FNDA:6,set
FNDA:36,(anonymous_57)
FNDA:0,(anonymous_58)
FNDA:0,add
FNDA:0,remove
FNDA:13,dispatch
FNDA:12,assign
FNDA:1,replace
FNDA:12,navigate
FNDA:238,rulesDispatcher
FNDA:181,runner
FNDA:543,(anonymous_67)
FNDA:0,recursiveDispatcher
FNDA:0,PushStateTreeEvent
FNDA:30,preProcessUriBeforeExecuteNativeHistoryMethods
FNDA:15,(anonymous_71)
FNDA:0,(anonymous_72)
FNDA:0,(anonymous_73)
DA:3,6
DA:5,6
DA:7,6
DA:9,6
DA:10,6
DA:11,6
DA:13,6
DA:14,6
DA:15,6
DA:19,6
DA:21,6
DA:22,0
DA:26,6
DA:28,6
DA:29,6
DA:32,0
DA:33,0
DA:35,0
DA:38,0
DA:42,0
DA:43,0
DA:44,0
DA:46,0
DA:49,0
DA:50,0
DA:52,0
DA:57,6
DA:58,6
DA:60,6
DA:61,6
DA:62,0
DA:65,1
DA:66,0
DA:71,0
DA:72,0
DA:73,0
DA:76,6
DA:78,6
DA:79,0
DA:83,6
DA:84,0
DA:87,6
DA:88,0
DA:92,6
DA:93,6
DA:95,0
DA:98,6
DA:99,6
DA:101,0
DA:106,6
DA:107,6
DA:108,6
DA:112,0
DA:114,0
DA:116,0
DA:121,0
DA:122,0
DA:123,0
DA:126,0
DA:128,0
DA:129,0
DA:130,0
DA:133,0
DA:135,0
DA:137,0
DA:138,0
DA:142,0
DA:147,0
DA:149,0
DA:150,0
DA:154,0
DA:156,0
DA:161,0
DA:165,0
DA:166,0
DA:167,0
DA:170,0
DA:171,0
DA:172,0
DA:175,0
DA:177,0
DA:179,0
DA:180,0
DA:181,0
DA:182,0
DA:183,0
DA:184,0
DA:188,0
DA:189,0
DA:192,0
DA:193,0
DA:197,0
DA:198,0
DA:199,0
DA:200,0
DA:201,0
DA:204,0
DA:205,0
DA:208,0
DA:212,0
DA:213,0
DA:214,0
DA:216,0
DA:218,0
DA:220,0
DA:221,0
DA:222,0
DA:224,0
DA:225,0
DA:226,0
DA:229,0
DA:233,0
DA:235,0
DA:237,0
DA:238,0
DA:239,0
DA:240,0
DA:243,0
DA:244,0
DA:246,0
DA:247,0
DA:251,0
DA:252,0
DA:253,0
DA:256,6
DA:258,6
DA:262,6
DA:263,0
DA:264,0
DA:265,0
DA:266,0
DA:267,0
DA:268,0
DA:272,0
DA:275,6
DA:276,0
DA:277,0
DA:278,0
DA:279,0
DA:284,6
DA:285,0
DA:286,0
DA:289,6
DA:290,0
DA:291,0
DA:292,0
DA:295,0
DA:296,0
DA:297,0
DA:298,0
DA:301,0
DA:302,0
DA:303,0
DA:304,0
DA:305,0
DA:312,0
DA:313,0
DA:318,0
DA:325,6
DA:326,6
DA:327,6
DA:328,6
DA:329,6
DA:330,6
DA:331,6
DA:332,6
DA:333,6
DA:334,6
DA:337,1
DA:338,0
DA:341,1
DA:342,110
DA:344,240
DA:350,1
DA:352,15
DA:356,1
DA:358,15
DA:362,1
DA:365,13
DA:366,13
DA:367,13
DA:369,12
DA:370,3
DA:371,3
DA:373,12
DA:375,13
DA:379,6
DA:381,1
DA:382,110
DA:383,110
DA:386,110
DA:387,55
DA:390,55
DA:391,55
DA:394,55
DA:395,77
DA:396,77
DA:403,55
DA:404,0
DA:406,55
DA:407,55
DA:409,249
DA:412,2
DA:418,55
DA:420,278
DA:423,57
DA:426,55
DA:428,55
DA:429,55
DA:431,519
DA:434,55
DA:435,55
DA:436,48
DA:440,55
DA:442,1
DA:443,825
DA:445,715
DA:446,297
DA:449,110
DA:451,55
DA:453,0
DA:456,0
DA:463,55
DA:464,825
DA:465,825
DA:469,55
DA:470,55
DA:472,55
DA:476,55
DA:478,458
DA:480,227
DA:481,227
DA:483,220
DA:485,220
DA:486,220
DA:489,2
DA:492,7
DA:493,7
DA:494,7
DA:499,227
DA:501,227
DA:502,192
DA:505,227
DA:506,227
DA:507,227
DA:512,55
DA:514,248
DA:515,248
DA:519,55
DA:526,55
DA:527,238
DA:528,238
DA:529,238
DA:531,238
DA:532,238
DA:535,238
DA:536,0
DA:540,55
DA:541,55
DA:543,0
DA:546,0
DA:548,0
DA:549,0
DA:550,0
DA:552,0
DA:553,0
DA:556,0
DA:557,0
DA:561,55
DA:563,0
DA:564,0
DA:567,55
DA:570,55
DA:571,0
DA:575,55
DA:577,55
DA:579,55
DA:580,0
DA:582,0
DA:584,0
DA:585,0
DA:586,0
DA:587,0
DA:588,0
DA:590,0
DA:591,0
DA:592,0
DA:593,0
DA:599,55
DA:603,6
DA:604,6
DA:605,6
DA:606,6
DA:607,6
DA:609,6
DA:616,6
DA:618,6
DA:621,6
DA:623,3
DA:626,9
DA:627,7
DA:631,2
DA:634,1
DA:636,1
DA:639,8
DA:644,6
DA:646,0
DA:647,0
DA:648,0
DA:650,0
DA:653,0
DA:654,0
DA:656,0
DA:661,6
DA:662,12
DA:663,12
DA:666,6
DA:667,6
DA:669,0
DA:672,6
DA:676,6
DA:677,6
DA:679,0
DA:682,6
DA:686,6
DA:687,6
DA:691,6
DA:692,36
DA:693,0
DA:697,6
DA:703,0
DA:704,0
DA:710,0
DA:711,0
DA:712,0
DA:715,0
DA:716,0
DA:717,0
DA:723,13
DA:724,0
DA:725,0
DA:727,13
DA:728,13
DA:729,13
DA:734,12
DA:739,1
DA:743,12
DA:751,238
DA:753,1
DA:754,181
DA:755,181
DA:758,181
DA:762,181
DA:763,0
DA:767,181
DA:768,181
DA:769,181
DA:770,181
DA:774,181
DA:777,181
DA:781,181
DA:783,543
DA:784,0
DA:785,0
DA:788,0
DA:789,0
DA:790,0
DA:792,0
DA:797,181
DA:799,1
DA:800,0
DA:802,0
DA:803,0
DA:804,0
DA:806,0
DA:807,0
DA:808,0
DA:810,0
DA:812,0
DA:813,0
DA:816,0
DA:817,0
DA:818,0
DA:820,0
DA:822,0
DA:823,0
DA:824,0
DA:826,1
DA:828,0
DA:829,0
DA:830,0
DA:831,0
DA:832,0
DA:834,0
DA:836,0
DA:843,0
DA:845,0
DA:846,0
DA:850,0
DA:851,0
DA:853,0
DA:855,0
DA:856,0
DA:858,0
DA:861,0
DA:865,0
DA:866,0
DA:870,0
DA:875,0
DA:876,0
DA:877,0
DA:878,0
DA:880,0
DA:882,0
DA:889,0
DA:890,0
DA:894,0
DA:896,0
DA:904,0
DA:909,1
DA:911,30
DA:912,30
DA:916,15
DA:919,15
DA:921,15
DA:924,15
DA:926,10
DA:927,10
DA:928,10
DA:931,5
DA:934,15
DA:939,13
DA:943,2
DA:948,15
DA:951,15
DA:956,6
DA:957,42
DA:958,30
DA:962,6
DA:963,6
DA:964,0
DA:967,6
DA:969,6
DA:970,0
DA:971,0
DA:972,0
DA:973,0
DA:974,0
DA:976,0
DA:979,0
DA:981,0
DA:985,0
DA:986,0
DA:989,0
DA:990,0
DA:991,0
DA:994,0
DA:996,0
DA:997,0
DA:999,0
DA:1003,6
DA:1004,0
DA:1005,0
DA:1006,0
DA:1007,0
DA:1008,0
DA:1010,0
DA:1013,0
DA:1014,0
DA:1017,0
DA:1018,0
DA:1021,0
DA:1022,0
DA:1023,0
DA:1024,0
DA:1028,0
DA:1030,0
DA:1031,0
DA:1032,0
DA:1034,0
DA:1039,6
LF:481
LH:219
BRDA:7,1,0,6
BRDA:7,1,1,0
BRDA:7,2,0,6
BRDA:7,2,1,6
BRDA:9,3,0,6
BRDA:9,3,1,6
BRDA:9,3,2,0
BRDA:21,4,0,0
BRDA:21,4,1,6
BRDA:28,5,0,6
BRDA:28,5,1,0
BRDA:33,6,0,0
BRDA:33,6,1,0
BRDA:43,7,0,0
BRDA:43,7,1,0
BRDA:43,8,0,0
BRDA:43,8,1,0
BRDA:61,9,0,0
BRDA:61,9,1,6
BRDA:66,10,0,0
BRDA:66,10,1,0
BRDA:78,11,0,0
BRDA:78,11,1,6
BRDA:78,12,0,6
BRDA:78,12,1,6
BRDA:83,13,0,0
BRDA:83,13,1,6
BRDA:83,14,0,6
BRDA:83,14,1,6
BRDA:83,14,2,0
BRDA:83,14,3,6
BRDA:87,15,0,0
BRDA:87,15,1,6
BRDA:107,16,0,6
BRDA:107,16,1,0
BRDA:107,17,0,6
BRDA:107,17,1,0
BRDA:122,18,0,0
BRDA:122,18,1,0
BRDA:128,19,0,0
BRDA:128,19,1,0
BRDA:128,20,0,0
BRDA:128,20,1,0
BRDA:129,21,0,0
BRDA:129,21,1,0
BRDA:137,22,0,0
BRDA:137,22,1,0
BRDA:149,23,0,0
BRDA:149,23,1,0
BRDA:171,24,0,0
BRDA:171,24,1,0
BRDA:179,25,0,0
BRDA:179,25,1,0
BRDA:179,26,0,0
BRDA:179,26,1,0
BRDA:181,27,0,0
BRDA:181,27,1,0
BRDA:188,28,0,0
BRDA:188,28,1,0
BRDA:192,29,0,0
BRDA:192,29,1,0
BRDA:198,30,0,0
BRDA:198,30,1,0
BRDA:204,31,0,0
BRDA:204,31,1,0
BRDA:220,32,0,0
BRDA:220,32,1,0
BRDA:224,33,0,0
BRDA:224,33,1,0
BRDA:224,34,0,0
BRDA:224,34,1,0
BRDA:238,35,0,0
BRDA:238,35,1,0
BRDA:243,36,0,0
BRDA:243,36,1,0
BRDA:262,37,0,0
BRDA:262,37,1,6
BRDA:267,38,0,0
BRDA:267,38,1,0
BRDA:275,39,0,0
BRDA:275,39,1,6
BRDA:278,40,0,0
BRDA:278,40,1,0
BRDA:284,41,0,0
BRDA:284,41,1,6
BRDA:289,42,0,0
BRDA:289,42,1,6
BRDA:291,43,0,0
BRDA:291,43,1,0
BRDA:291,44,0,0
BRDA:291,44,1,0
BRDA:297,45,0,0
BRDA:297,45,1,0
BRDA:302,46,0,0
BRDA:302,46,1,0
BRDA:304,47,0,0
BRDA:304,47,1,0
BRDA:312,48,0,0
BRDA:312,48,1,0
BRDA:338,49,0,0
BRDA:338,49,1,0
BRDA:338,49,2,0
BRDA:369,50,0,3
BRDA:369,50,1,9
BRDA:369,51,0,12
BRDA:369,51,1,4
BRDA:369,51,2,3
BRDA:379,52,0,6
BRDA:379,52,1,0
BRDA:382,53,0,110
BRDA:382,53,1,34
BRDA:386,54,0,55
BRDA:386,54,1,55
BRDA:395,55,0,77
BRDA:395,55,1,0
BRDA:403,56,0,0
BRDA:403,56,1,55
BRDA:420,57,0,278
BRDA:420,57,1,7
BRDA:426,58,0,55
BRDA:426,58,1,4
BRDA:434,59,0,55
BRDA:434,59,1,40
BRDA:435,60,0,48
BRDA:435,60,1,7
BRDA:443,61,0,715
BRDA:443,61,1,110
BRDA:449,62,0,55
BRDA:449,62,1,55
BRDA:464,63,0,825
BRDA:464,63,1,0
BRDA:478,64,0,231
BRDA:478,64,1,227
BRDA:481,65,0,220
BRDA:481,65,1,7
BRDA:481,66,0,227
BRDA:481,66,1,77
BRDA:486,67,0,2
BRDA:486,67,1,218
BRDA:486,68,0,220
BRDA:486,68,1,3
BRDA:486,68,2,2
BRDA:489,69,0,2
BRDA:489,69,1,0
BRDA:493,70,0,7
BRDA:493,70,1,0
BRDA:501,71,0,192
BRDA:501,71,1,35
BRDA:515,72,0,248
BRDA:515,72,1,248
BRDA:535,73,0,0
BRDA:535,73,1,238
BRDA:543,74,0,0
BRDA:543,74,1,0
BRDA:546,75,0,0
BRDA:546,75,1,0
BRDA:556,76,0,0
BRDA:556,76,1,0
BRDA:584,77,0,0
BRDA:584,77,1,0
BRDA:586,78,0,0
BRDA:586,78,1,0
BRDA:590,79,0,0
BRDA:590,79,1,0
BRDA:626,80,0,7
BRDA:626,80,1,2
BRDA:631,81,0,1
BRDA:631,81,1,1
BRDA:636,82,0,1
BRDA:636,82,1,1
BRDA:647,83,0,0
BRDA:647,83,1,0
BRDA:647,84,0,0
BRDA:647,84,1,0
BRDA:653,85,0,0
BRDA:653,85,1,0
BRDA:662,86,0,12
BRDA:662,86,1,0
BRDA:672,87,0,6
BRDA:672,87,1,0
BRDA:682,88,0,6
BRDA:682,88,1,0
BRDA:711,89,0,0
BRDA:711,89,1,0
BRDA:715,90,0,0
BRDA:715,90,1,0
BRDA:715,91,0,0
BRDA:715,91,1,0
BRDA:723,92,0,0
BRDA:723,92,1,13
BRDA:751,93,0,57
BRDA:751,93,1,181
BRDA:754,94,0,181
BRDA:754,94,1,0
BRDA:762,95,0,0
BRDA:762,95,1,181
BRDA:800,96,0,0
BRDA:800,96,1,0
BRDA:806,97,0,0
BRDA:806,97,1,0
BRDA:810,98,0,0
BRDA:810,98,1,0
BRDA:810,99,0,0
BRDA:810,99,1,0
BRDA:813,100,0,0
BRDA:813,100,1,0
BRDA:813,101,0,0
BRDA:813,101,1,0
BRDA:817,102,0,0
BRDA:817,102,1,0
BRDA:828,103,0,0
BRDA:828,103,1,0
BRDA:829,104,0,0
BRDA:829,104,1,0
BRDA:830,105,0,0
BRDA:830,105,1,0
BRDA:831,106,0,0
BRDA:831,106,1,0
BRDA:834,107,0,0
BRDA:834,107,1,0
BRDA:843,108,0,0
BRDA:843,108,1,0
BRDA:850,109,0,0
BRDA:850,109,1,0
BRDA:851,110,0,0
BRDA:851,110,1,0
BRDA:851,111,0,0
BRDA:851,111,1,0
BRDA:880,112,0,0
BRDA:880,112,1,0
BRDA:880,113,0,0
BRDA:880,113,1,0
BRDA:894,114,0,0
BRDA:894,114,1,0
BRDA:919,115,0,15
BRDA:919,115,1,0
BRDA:919,116,0,15
BRDA:919,116,1,3
BRDA:921,117,0,15
BRDA:921,117,1,0
BRDA:924,118,0,10
BRDA:924,118,1,5
BRDA:927,119,0,4
BRDA:927,119,1,6
BRDA:934,120,0,13
BRDA:934,120,1,2
BRDA:957,121,0,30
BRDA:957,121,1,12
BRDA:962,122,0,6
BRDA:962,122,1,6
BRDA:963,123,0,0
BRDA:963,123,1,6
BRDA:969,124,0,0
BRDA:969,124,1,6
BRDA:971,125,0,0
BRDA:971,125,1,0
BRDA:972,126,0,0
BRDA:972,126,1,0
BRDA:973,127,0,0
BRDA:973,127,1,0
BRDA:979,128,0,0
BRDA:979,128,1,0
BRDA:985,129,0,0
BRDA:985,129,1,0
BRDA:989,130,0,0
BRDA:989,130,1,0
BRDA:1003,131,0,0
BRDA:1003,131,1,6
BRDA:1005,132,0,0
BRDA:1005,132,1,0
BRDA:1006,133,0,0
BRDA:1006,133,1,0
BRDA:1007,134,0,0
BRDA:1007,134,1,0
BRDA:1013,135,0,0
BRDA:1013,135,1,0
BRDA:1017,136,0,0
BRDA:1017,136,1,0
BRDA:1021,137,0,0
BRDA:1021,137,1,0
BRF:280
BRH:96
end_of_record
